<?xml version="1.0" encoding="UTF-8"?>
<testng-results ignored="0" total="2" passed="2" failed="0" skipped="0">
  <reporter-output>
  </reporter-output>
  <suite started-at="2023-08-02T22:23:38 IST" name="Default suite" finished-at="2023-08-02T22:25:38 IST" duration-ms="119811">
    <groups>
    </groups>
    <test started-at="2023-08-02T22:23:38 IST" name="Default test" finished-at="2023-08-02T22:25:38 IST" duration-ms="119811">
      <class name="mypraticework.ButtontTest_1">
        <test-method signature="method1()[pri:1, instance:mypraticework.ButtontTest_1@7bba5817]" started-at="2023-08-02T22:23:38 IST" name="method1" finished-at="2023-08-02T22:25:37 IST" duration-ms="119439" status="PASS">
          <reporter-output>
          </reporter-output>
        </test-method> <!-- method1 -->
        <test-method signature="method2()[pri:2, instance:mypraticework.ButtontTest_1@7bba5817]" started-at="2023-08-02T22:25:37 IST" name="method2" finished-at="2023-08-02T22:25:38 IST" duration-ms="288" status="PASS">
          <reporter-output>
          </reporter-output>
        </test-method> <!-- method2 -->
      </class> <!-- mypraticework.ButtontTest_1 -->
    </test> <!-- Default test -->
  </suite> <!-- Default suite -->
</testng-results>
